<?xml version="1.0" encoding="UTF-8"?>
<testsuite xmlns:xsi="http://www.w3.org/2001/XMLSchema-instance" xsi:noNamespaceSchemaLocation="https://maven.apache.org/surefire/maven-surefire-plugin/xsd/surefire-test-report.xsd" version="3.0.2" name="com.example.stageoneapi.StageoneapiApplicationTests" time="10.594" tests="1" errors="0" skipped="0" failures="0">
  <properties>
[...]
</properties>
  <testcase name="contextLoads" classname="com.example.stageoneapi.StageoneapiApplicationTests" time="1.592">
    <system-out><![CDATA[22:51:02.556 [main] INFO org.springframework.test.context.support.AnnotationConfigContextLoaderUtils -- Could not detect default configuration classes for test class [com.example.stageoneapi.StageoneapiApplicationTests]: StageoneapiApplicationTests does not declare any static, non-private, non-final, nested classes annotated with @Configuration.
22:51:03.005 [main] INFO org.springframework.boot.test.context.SpringBootTestContextBootstrapper -- Found @SpringBootConfiguration com.example.stageoneapi.StageoneapiApplication for test class com.example.stageoneapi.StageoneapiApplicationTests

  .   ____          _            __ _ _
 /\\ / ___'_ __ _ _(_)_ __  __ _ \ \ \ \
( ( )\___ | '_ | '_| | '_ \/ _` | \ \ \ \
 \\/  ___)| |_)| | | | | || (_| |  ) ) ) )
  '  |____| .__|_| |_|_| |_\__, | / / / /
 =========|_|==============|___/=/_/_/_/

 :: Spring Boot ::                (v3.4.2)

2025-02-01T22:51:05.289+03:00  INFO 23399 --- [STAGEONEAPI] [           main] c.e.s.StageoneapiApplicationTests        : Starting StageoneapiApplicationTests using Java 17.0.6 with PID 23399 (started by kimosop in /home/kimosop/Desktop/STAGEONEAPI)
2025-02-01T22:51:05.293+03:00  INFO 23399 --- [STAGEONEAPI] [           main] c.e.s.StageoneapiApplicationTests        : No active profile set, falling back to 1 default profile: "default"
2025-02-01T22:51:10.318+03:00  INFO 23399 --- [STAGEONEAPI] [           main] c.e.s.StageoneapiApplicationTests        : Started StageoneapiApplicationTests in 6.635 seconds (process running for 10.105)
]]></system-out>
  </testcase>
</testsuite>